Using SVM
======================
Model=ARIMA(p=1, q=0), Past Prediction Horizon=48, Future Prediction Horizon=6, Threshold=2.925, FA=0.447284345048, MD=0.0
Model=ARIMA(p=2, q=0), Past Prediction Horizon=64, Future Prediction Horizon=6, Threshold=2.575, FA=0.520766773163, MD=0.0
Model=ARIMA(p=1, q=1), Past Prediction Horizon=64, Future Prediction Horizon=6, Threshold=2.575, FA=0.533546325879, MD=0.0
Model=ARIMA(p=4, q=0), Past Prediction Horizon=80, Future Prediction Horizon=12, Threshold=2.575, FA=0.538205980066, MD=0.0
Model=ARIMA(p=2, q=0), Past Prediction Horizon=80, Future Prediction Horizon=12, Threshold=2.525, FA=0.554817275748, MD=0.0
Model=ARIMA(p=1, q=1), Past Prediction Horizon=80, Future Prediction Horizon=18, Threshold=2.575, FA=0.557093425606, MD=0.0
Model=ARIMA(p=2, q=0), Past Prediction Horizon=80, Future Prediction Horizon=18, Threshold=2.575, FA=0.560553633218, MD=0.0
Model=ARIMA(p=1, q=0), Past Prediction Horizon=80, Future Prediction Horizon=18, Threshold=2.575, FA=0.56401384083, MD=0.0
Model=ARIMA(p=1, q=0), Past Prediction Horizon=64, Future Prediction Horizon=12, Threshold=2.525, FA=0.574750830565, MD=0.0

Using LR
======================
Model=ARIMA(p=4, q=0), Past Prediction Horizon=48, Future Prediction Horizon=6, Threshold=3.475, FA=0.130990415335, MD=0.0
Model=GGSM, Past Prediction Horizon=64, Future Prediction Horizon=6, Threshold=3.275, FA=0.153354632588, MD=0.0
Model=ARIMA(p=4, q=0), Past Prediction Horizon=48, Future Prediction Horizon=12, Threshold=3.075, FA=0.205980066445, MD=0.0
Model=ARIMA(p=4, q=0), Past Prediction Horizon=64, Future Prediction Horizon=18, Threshold=3.125, FA=0.217993079585, MD=0.0
Model=GGSM, Past Prediction Horizon=64, Future Prediction Horizon=12, Threshold=3.025, FA=0.43853820598, MD=0.0
Model=ARIMA(p=1, q=0), Past Prediction Horizon=32, Future Prediction Horizon=6, Threshold=3.025, FA=0.449685534591, MD=0.0
Model=GGSM, Past Prediction Horizon=64, Future Prediction Horizon=18, Threshold=2.625, FA=0.449826989619, MD=0.0
Model=ARIMA(p=1, q=0), Past Prediction Horizon=48, Future Prediction Horizon=12, Threshold=3.025, FA=0.458471760797, MD=0.0
Model=ARIMA(p=1, q=0), Past Prediction Horizon=48, Future Prediction Horizon=18, Threshold=2.975, FA=0.501730103806, MD=0.0

Using BNN
======================
Model=GGSM, Past Prediction Horizon=64, Future Prediction Horizon=6, Threshold=3.225, FA=0.00638977635783, MD=0.0310880829016
Model=ARIMA(p=4, q=0), Past Prediction Horizon=96, Future Prediction Horizon=6, Threshold=3.425, FA=0.0127795527157, MD=0.0372670807453
Model=ARIMA(p=2, q=0), Past Prediction Horizon=96, Future Prediction Horizon=6, Threshold=3.275, FA=0.0223642172524, MD=0.0372670807453
Model=GGSM, Past Prediction Horizon=64, Future Prediction Horizon=12, Threshold=3.075, FA=0.00664451827243, MD=0.0603015075377
Model=GGSM, Past Prediction Horizon=64, Future Prediction Horizon=18, Threshold=2.925, FA=0.00692041522491, MD=0.0878048780488
Model=ARIMA(p=4, q=0), Past Prediction Horizon=96, Future Prediction Horizon=12, Threshold=3.475, FA=0.0431893687708, MD=0.0718562874251
Model=ARIMA(p=1, q=1), Past Prediction Horizon=96, Future Prediction Horizon=12, Threshold=3.275, FA=0.0431893687708, MD=0.0778443113772
Model=ARIMA(p=4, q=0), Past Prediction Horizon=96, Future Prediction Horizon=18, Threshold=3.325, FA=0.0726643598616, MD=0.104046242775
Model=ARIMA(p=1, q=1), Past Prediction Horizon=96, Future Prediction Horizon=18, Threshold=3.225, FA=0.0726643598616, MD=0.109826589595